build/app/outputs/mapping/release/seeds.txt
io.flutter.plugin.editing.ImeSyncDeferringInsetsCallback$AnimationCallback: void onPrepare(android.view.WindowInsetsAnimation)
io.flutter.embedding.engine.FlutterJNI: void lambda$decodeImage$0(long,android.graphics.ImageDecoder,android.graphics.ImageDecoder$ImageInfo,android.graphics.ImageDecoder$Source)
io.flutter.embedding.engine.FlutterJNI: void setPlatformViewsController(io.flutter.plugin.platform.PlatformViewsController)
kotlin.coroutines.jvm.internal.SuspendLambda: int getArity()
androidx.window.embedding.SplitController$Companion: androidx.window.embedding.SplitController getInstance()
io.flutter.embedding.engine.FlutterJNI: void nativeSurfaceChanged(long,int,int)
androidx.window.layout.WindowLayoutInfo: java.util.List getDisplayFeatures()
androidx.window.embedding.ActivityStack: boolean equals(java.lang.Object)
kotlin.jvm.internal.CallableReference: kotlin.reflect.KCallable computeReflected()
androidx.window.layout.SidecarAdapter: java.util.List translate(java.util.List,androidx.window.sidecar.SidecarDeviceState)
io.flutter.embedding.android.FlutterActivityLaunchConfigs$BackgroundMode: io.flutter.embedding.android.FlutterActivityLaunchConfigs$BackgroundMode[] values()
androidx.core.graphics.drawable.IconCompat$Api30Impl: android.graphics.drawable.Icon createWithAdaptiveBitmapContentUri(android.net.Uri)
android.support.v4.app.RemoteActionCompatParcelizer: androidx.core.app.RemoteActionCompat read(androidx.versionedparcelable.VersionedParcel)
android.support.v4.graphics.drawable.IconCompatParcelizer: androidx.core.graphics.drawable.IconCompat read(androidx.versionedparcelable.VersionedParcel)
androidx.core.view.WindowInsetsCompat$Impl21: androidx.core.graphics.Insets getStableInsets()
io.flutter.embedding.android.FlutterSplashView$SavedState: FlutterSplashView$SavedState(android.os.Parcel)
kotlin.jvm.internal.FunctionReference: FunctionReference(int,java.lang.Object,java.lang.Class,java.lang.String,java.lang.String,int)
androidx.window.embedding.EmbeddingBackend: void unregisterSplitListenerForActivity(androidx.core.util.Consumer)
io.flutter.embedding.engine.FlutterJNI: void updateJavaAssetManager(android.content.res.AssetManager,java.lang.String)
androidx.window.embedding.SplitRuleParser: java.util.Set parseSplitXml(android.content.Context,int)
kotlin.coroutines.intrinsics.CoroutineSingletons: kotlin.coroutines.intrinsics.CoroutineSingletons[] values()
androidx.window.embedding.SplitPairFilter: java.lang.String getSecondaryActivityIntentAction()
androidx.window.embedding.SplitPairFilter: android.content.ComponentName getSecondaryActivityName()
androidx.window.embedding.SplitInfo: SplitInfo(androidx.window.embedding.ActivityStack,androidx.window.embedding.ActivityStack,float)
io.flutter.embedding.engine.mutatorsstack.FlutterMutatorsStack: java.util.List getMutators()
io.flutter.embedding.engine.FlutterJNI: void onDisplayOverlaySurface(int,int,int,int,int)
androidx.window.layout.ActivityCompatHelperApi30: ActivityCompatHelperApi30()
kotlin.jvm.internal.FunctionReference: FunctionReference(int,java.lang.Object)
androidx.window.embedding.SplitInfo: boolean equals(java.lang.Object)
androidx.core.view.DisplayCutoutCompat$Api28Impl: java.util.List getBoundingRects(android.view.DisplayCutout)
androidx.core.view.ViewCompat$Api21Impl: void setZ(android.view.View,float)
io.flutter.embedding.engine.FlutterJNI: void setDeferredComponentManager(io.flutter.embedding.engine.deferredcomponents.DeferredComponentManager)
io.flutter.embedding.engine.systemchannels.PlatformChannel$DeviceOrientation: io.flutter.embedding.engine.systemchannels.PlatformChannel$DeviceOrientation[] values()
androidx.core.view.WindowInsetsCompat$Impl20: void setRootWindowInsets(androidx.core.view.WindowInsetsCompat)
androidx.window.layout.SidecarCompat$Companion: android.os.IBinder getActivityWindowToken$window_release(android.app.Activity)
androidx.window.embedding.ExtensionEmbeddingBackend$SplitListenerWrapper: void accept(java.util.List)