build/app/outputs/mapping/release/mapping.txt
# compiler: R8
# compiler_version: 3.3.70
# min_api: 19
# common_typos_disable
# {"id":"com.android.tools.r8.mapping","version":"2.0"}
# pg_map_id: ee7642e
# pg_map_hash: SHA-256 ee7642e9e4362eb67e82555cf76292f3d9e61e383b1046581a512b78e92f182e
...
kotlinx.coroutines.internal.ThreadContextKt$countAll$1 -> kotlinx.coroutines.internal.f0$a:
    kotlinx.coroutines.internal.ThreadContextKt$countAll$1 INSTANCE -> d
    java.lang.Object invoke(java.lang.Object,kotlin.coroutines.CoroutineContext$Element) -> a
kotlinx.coroutines.internal.ThreadContextKt$findOne$1 -> kotlinx.coroutines.internal.f0$b:
    kotlinx.coroutines.internal.ThreadContextKt$findOne$1 INSTANCE -> d
    kotlinx.coroutines.ThreadContextElement invoke(kotlinx.coroutines.ThreadContextElement,kotlin.coroutines.CoroutineContext$Element) -> a
kotlinx.coroutines.internal.ThreadContextKt$updateState$1 -> kotlinx.coroutines.internal.f0$c:
    kotlinx.coroutines.internal.ThreadContextKt$updateState$1 INSTANCE -> d
    kotlinx.coroutines.internal.ThreadState invoke(kotlinx.coroutines.internal.ThreadState,kotlin.coroutines.CoroutineContext$Element) -> a
kotlinx.coroutines.internal.ThreadSafeHeap -> kotlinx.coroutines.internal.g0:
    void addImpl(kotlinx.coroutines.internal.ThreadSafeHeapNode) -> a
    kotlinx.coroutines.internal.ThreadSafeHeapNode firstImpl() -> b
    int getSize() -> c
    boolean isEmpty() -> d
    kotlinx.coroutines.internal.ThreadSafeHeapNode peek() -> e
    kotlinx.coroutines.internal.ThreadSafeHeapNode[] realloc() -> f
    boolean remove(kotlinx.coroutines.internal.ThreadSafeHeapNode) -> g
    kotlinx.coroutines.internal.ThreadSafeHeapNode removeAtImpl(int) -> h
    kotlinx.coroutines.internal.ThreadSafeHeapNode removeFirstOrNull() -> i
    void setSize(int) -> j
    void siftDownFrom(int) -> k
    void siftUpFrom(int) -> l
    void swap(int,int) -> m
kotlinx.coroutines.internal.ThreadSafeHeapNode -> kotlinx.coroutines.internal.h0:
    void setIndex(int) -> b
    void setHeap(kotlinx.coroutines.internal.ThreadSafeHeap) -> c
    kotlinx.coroutines.internal.ThreadSafeHeap getHeap() -> e
    int getIndex() -> f
kotlinx.coroutines.internal.ThreadState -> kotlinx.coroutines.internal.i0:
    java.lang.Object[] values -> b
    kotlinx.coroutines.ThreadContextElement[] elements -> c
    int i -> d
    kotlin.coroutines.CoroutineContext context -> a
    void append(kotlinx.coroutines.ThreadContextElement,java.lang.Object) -> a
    void restore(kotlin.coroutines.CoroutineContext) -> b
kotlinx.coroutines.internal.UndeliveredElementException -> kotlinx.coroutines.internal.j0:
kotlinx.coroutines.intrinsics.CancellableKt -> x0.a:
    void dispatcherFailure(kotlin.coroutines.Continuation,java.lang.Throwable) -> a
    void startCoroutineCancellable(kotlin.coroutines.Continuation,kotlin.coroutines.Continuation) -> b
    void startCoroutineCancellable(kotlin.jvm.functions.Function2,java.lang.Object,kotlin.coroutines.Continuation,kotlin.jvm.functions.Function1) -> c
    void startCoroutineCancellable$default(kotlin.jvm.functions.Function2,java.lang.Object,kotlin.coroutines.Continuation,kotlin.jvm.functions.Function1,int,java.lang.Object) -> d
kotlinx.coroutines.intrinsics.UndispatchedKt -> x0.b:
    void startCoroutineUndispatched(kotlin.jvm.functions.Function2,java.lang.Object,kotlin.coroutines.Continuation) -> a